2024-11-27 10:00:48.831505: E external/local_xla/xla/stream_executor/cuda/cuda_fft.cc:485] Unable to register cuFFT factory: Attempting to register factory for plugin cuFFT when one has already been registered
2024-11-27 10:00:48.861659: E external/local_xla/xla/stream_executor/cuda/cuda_dnn.cc:8454] Unable to register cuDNN factory: Attempting to register factory for plugin cuDNN when one has already been registered
2024-11-27 10:00:48.870815: E external/local_xla/xla/stream_executor/cuda/cuda_blas.cc:1452] Unable to register cuBLAS factory: Attempting to register factory for plugin cuBLAS when one has already been registered
2024-11-27 10:00:48.900272: I tensorflow/core/platform/cpu_feature_guard.cc:210] This TensorFlow binary is optimized to use available CPU instructions in performance-critical operations.
To enable the following instructions: AVX2 FMA, in other operations, rebuild TensorFlow with the appropriate compiler flags.
2024-11-27 10:00:50.545635: W tensorflow/compiler/tf2tensorrt/utils/py_utils.cc:38] TF-TRT Warning: Could not find TensorRT
2024-11-27 10:00:53.684079: I tensorflow/core/common_runtime/gpu/gpu_device.cc:2021] Created device /job:localhost/replica:0/task:0/device:GPU:0 with 20865 MB memory:  -> device: 0, name: NVIDIA L4, pci bus id: 0000:01:00.0, compute capability: 8.9
findfont: Font family 'Palatino Linotype' not found.
findfont: Font family 'Palatino Linotype' not found.
findfont: Font family 'Palatino Linotype' not found.
findfont: Font family 'Palatino Linotype' not found.
findfont: Font family 'Palatino Linotype' not found.
findfont: Font family 'Palatino Linotype' not found.
findfont: Font family 'Palatino Linotype' not found.
findfont: Font family 'Palatino Linotype' not found.
findfont: Font family 'Palatino Linotype' not found.
findfont: Font family 'Palatino Linotype' not found.
findfont: Font family 'Palatino Linotype' not found.
findfont: Font family 'Palatino Linotype' not found.
findfont: Font family 'Palatino Linotype' not found.
findfont: Font family ['Palatino Linotype'] not found. Falling back to DejaVu Sans.
findfont: Font family ['cursive'] not found. Falling back to DejaVu Sans.
findfont: Generic family 'cursive' not found because none of the following families were found: Apple Chancery, Textile, Zapf Chancery, Sand, Script MT, Felipa, Comic Neue, Comic Sans MS, cursive
findfont: Font family ['Palatino Linotype'] not found. Falling back to DejaVu Sans.
findfont: Font family 'Palatino Linotype' not found.
findfont: Font family 'Palatino Linotype' not found.
findfont: Font family 'Palatino Linotype' not found.
findfont: Font family 'Palatino Linotype' not found.
findfont: Font family 'Palatino Linotype' not found.
findfont: Font family 'Palatino Linotype' not found.
findfont: Font family 'Palatino Linotype' not found.
findfont: Font family 'Palatino Linotype' not found.
findfont: Font family 'Palatino Linotype' not found.
findfont: Font family 'Palatino Linotype' not found.
findfont: Font family 'Palatino Linotype' not found.
findfont: Font family 'Palatino Linotype' not found.
findfont: Font family 'Palatino Linotype' not found.
findfont: Font family 'Palatino Linotype' not found.
findfont: Font family 'Palatino Linotype' not found.
findfont: Font family 'Palatino Linotype' not found.
findfont: Font family 'Palatino Linotype' not found.
findfont: Font family 'Palatino Linotype' not found.
findfont: Font family 'Palatino Linotype' not found.
findfont: Font family 'Palatino Linotype' not found.
findfont: Font family 'Palatino Linotype' not found.
findfont: Font family 'Palatino Linotype' not found.
findfont: Font family 'Palatino Linotype' not found.
findfont: Font family 'Palatino Linotype' not found.
findfont: Font family 'Palatino Linotype' not found.
findfont: Font family 'Palatino Linotype' not found.
findfont: Font family 'Palatino Linotype' not found.
findfont: Font family 'Palatino Linotype' not found.
findfont: Font family 'Palatino Linotype' not found.
findfont: Font family 'Palatino Linotype' not found.
findfont: Font family 'Palatino Linotype' not found.
findfont: Font family 'Palatino Linotype' not found.
findfont: Font family 'Palatino Linotype' not found.
findfont: Font family 'Palatino Linotype' not found.
findfont: Font family 'Palatino Linotype' not found.
findfont: Font family 'Palatino Linotype' not found.
findfont: Font family 'Palatino Linotype' not found.
findfont: Font family 'Palatino Linotype' not found.
findfont: Font family 'Palatino Linotype' not found.
findfont: Font family 'Palatino Linotype' not found.
findfont: Font family 'Palatino Linotype' not found.
findfont: Font family 'Palatino Linotype' not found.
findfont: Font family 'Palatino Linotype' not found.
findfont: Font family 'Palatino Linotype' not found.
findfont: Font family 'Palatino Linotype' not found.
findfont: Font family 'Palatino Linotype' not found.
findfont: Font family 'Palatino Linotype' not found.
findfont: Font family 'Palatino Linotype' not found.
findfont: Font family 'Palatino Linotype' not found.
findfont: Font family 'Palatino Linotype' not found.
findfont: Font family 'Palatino Linotype' not found.
findfont: Font family 'Palatino Linotype' not found.
findfont: Font family 'Palatino Linotype' not found.
findfont: Font family 'Palatino Linotype' not found.
findfont: Font family 'Palatino Linotype' not found.
findfont: Font family 'Palatino Linotype' not found.
findfont: Font family 'Palatino Linotype' not found.
findfont: Font family 'Palatino Linotype' not found.
findfont: Font family 'Palatino Linotype' not found.
findfont: Font family 'Palatino Linotype' not found.
findfont: Font family 'Palatino Linotype' not found.
findfont: Font family 'Palatino Linotype' not found.
findfont: Font family 'Palatino Linotype' not found.
findfont: Font family 'Palatino Linotype' not found.
findfont: Font family 'Palatino Linotype' not found.
findfont: Font family 'Palatino Linotype' not found.
findfont: Font family 'Palatino Linotype' not found.
findfont: Font family 'Palatino Linotype' not found.
findfont: Font family 'Palatino Linotype' not found.
findfont: Font family 'Palatino Linotype' not found.
findfont: Font family 'Palatino Linotype' not found.
findfont: Font family 'Palatino Linotype' not found.
findfont: Font family 'Palatino Linotype' not found.
findfont: Font family 'Palatino Linotype' not found.
findfont: Font family 'Palatino Linotype' not found.
findfont: Font family 'Palatino Linotype' not found.
findfont: Font family 'Palatino Linotype' not found.
