Started from /ceph/project/LoRa_Symbol_Detection/ml-lora-communication - should be started from ml-lora-communication folder
Found GPU, using that
tf.Tensor(1.0291357646000002e-15, shape=(), dtype=float64)
Running sim for a total of 2000000 symbols per SNR
Rate: 0.0, SNR: -4.0 dB, error count: [0.] SER: 0.000000E+00
SNR time: 11.009133100509644
Rate: 0.0, SNR: -6.0 dB, error count: [16.] SER: 8.000000E-06
SNR time: 0.38309431076049805
Rate: 0.0, SNR: -8.0 dB, error count: [3300.] SER: 1.650000E-03
SNR time: 0.46948814392089844
Rate: 0.0, SNR: -10.0 dB, error count: [76266.] SER: 3.813300E-02
SNR time: 0.30275726318359375
Rate: 0.0, SNR: -12.0 dB, error count: [405939.] SER: 2.029695E-01
SNR time: 0.8243503570556641
Rate: 0.0, SNR: -14.0 dB, error count: [937840.] SER: 4.689200E-01
SNR time: 0.2633075714111328
Rate: 0.0, SNR: -16.0 dB, error count: [1395154.] SER: 6.975770E-01
SNR time: 0.32037901878356934
Rate: 0.25, SNR: -4.0 dB, error count: [24077.] SER: 1.203850E-02
SNR time: 1.4968819618225098
Rate: 0.25, SNR: -6.0 dB, error count: [36195.] SER: 1.809750E-02
SNR time: 1.2804832458496094
Rate: 0.25, SNR: -8.0 dB, error count: [58933.] SER: 2.946650E-02
SNR time: 1.1948883533477783
Rate: 0.25, SNR: -10.0 dB, error count: [170386.] SER: 8.519300E-02
SNR time: 1.4953410625457764
Rate: 0.25, SNR: -12.0 dB, error count: [507019.] SER: 2.535095E-01
SNR time: 1.2600493431091309
Rate: 0.25, SNR: -14.0 dB, error count: [1013658.] SER: 5.068290E-01
SNR time: 1.1697261333465576
Rate: 0.25, SNR: -16.0 dB, error count: [1441824.] SER: 7.209120E-01
SNR time: 1.2955756187438965
Rate: 0.5, SNR: -4.0 dB, error count: [46989.] SER: 2.349450E-02
SNR time: 1.4668502807617188
Rate: 0.5, SNR: -6.0 dB, error count: [69427.] SER: 3.471350E-02
SNR time: 1.4473257064819336
Rate: 0.5, SNR: -8.0 dB, error count: [122241.] SER: 6.112050E-02
SNR time: 1.5720291137695312
Rate: 0.5, SNR: -10.0 dB, error count: [243507.] SER: 1.217535E-01
SNR time: 1.55509352684021
Rate: 0.5, SNR: -12.0 dB, error count: [580695.] SER: 2.903475E-01
SNR time: 1.7455506324768066
Rate: 0.5, SNR: -14.0 dB, error count: [1076298.] SER: 5.381490E-01
SNR time: 1.6954665184020996
Rate: 0.5, SNR: -16.0 dB, error count: [1480572.] SER: 7.402860E-01
SNR time: 1.4973254203796387
Rate: 0.7, SNR: -4.0 dB, error count: [55596.] SER: 2.779800E-02
SNR time: 1.9214496612548828
Rate: 0.7, SNR: -6.0 dB, error count: [99250.] SER: 4.962500E-02
SNR time: 1.658940076828003
Rate: 0.7, SNR: -8.0 dB, error count: [161293.] SER: 8.064650E-02
SNR time: 1.6727700233459473
Rate: 0.7, SNR: -10.0 dB, error count: [302785.] SER: 1.513925E-01
SNR time: 1.649385929107666
Rate: 0.7, SNR: -12.0 dB, error count: [664594.] SER: 3.322970E-01
SNR time: 1.9051730632781982
Rate: 0.7, SNR: -14.0 dB, error count: [1128977.] SER: 5.644885E-01
SNR time: 1.6656825542449951
Rate: 0.7, SNR: -16.0 dB, error count: [1509260.] SER: 7.546300E-01
SNR time: 1.6582467555999756
Rate: 1.0, SNR: -4.0 dB, error count: [79854.] SER: 3.992700E-02
SNR time: 2.2852394580841064
Rate: 1.0, SNR: -6.0 dB, error count: [132299.] SER: 6.614950E-02
SNR time: 1.8323965072631836
Rate: 1.0, SNR: -8.0 dB, error count: [229976.] SER: 1.149880E-01
SNR time: 1.8237574100494385
Rate: 1.0, SNR: -10.0 dB, error count: [408644.] SER: 2.043220E-01
SNR time: 2.261514902114868
Rate: 1.0, SNR: -12.0 dB, error count: [765347.] SER: 3.826735E-01
SNR time: 2.8859105110168457
Rate: 1.0, SNR: -14.0 dB, error count: [1191045.] SER: 5.955225E-01
SNR time: 2.8177387714385986
Rate: 1.0, SNR: -16.0 dB, error count: [1550611.] SER: 7.753055E-01
SNR time: 2.0846781730651855
Simulation duration: 70.64274859428406
