2024-10-04 22:31:49 INFO     Starting the program
2024-10-04 22:31:49 INFO     Using device: cuda
2024-10-04 22:31:50 INFO     Calculating SER for specific value: -16
2024-10-04 22:41:55 INFO     Starting the program
2024-10-04 22:41:55 INFO     Using device: cuda
2024-10-04 22:41:56 INFO     Calculating SER for specific value: -16
2024-10-04 22:41:59 INFO     Number of images in dataset: 128000
2024-10-04 22:43:10 INFO     Epoch [1], Step [100], Loss: 4.8586
2024-10-04 22:44:08 INFO     Epoch [1], Step [200], Loss: 4.8534
2024-10-04 22:45:09 INFO     Epoch [1], Step [300], Loss: 4.8531
2024-10-04 22:46:11 INFO     Epoch [1], Step [400], Loss: 4.8525
2024-10-04 22:47:12 INFO     Epoch [1], Step [500], Loss: 4.8538
2024-10-04 22:48:11 INFO     Epoch [1], Step [600], Loss: 4.8531
2024-10-04 22:49:13 INFO     Epoch [1], Step [700], Loss: 4.8533
2024-10-04 22:50:13 INFO     Epoch [1], Step [800], Loss: 4.8527
2024-10-04 22:51:12 INFO     Epoch [1], Step [900], Loss: 4.8530
2024-10-04 22:52:12 INFO     Epoch [1], Step [1000], Loss: 4.8526
2024-10-04 22:53:15 INFO     Epoch [1], Step [1100], Loss: 4.8534
2024-10-04 22:54:16 INFO     Epoch [1], Step [1200], Loss: 4.8533
2024-10-04 22:55:18 INFO     Epoch [1], Step [1300], Loss: 4.8531
2024-10-04 22:56:18 INFO     Epoch [1], Step [1400], Loss: 4.8536
2024-10-04 22:57:21 INFO     Epoch [1], Step [1500], Loss: 4.8529
2024-10-04 22:58:23 INFO     Epoch [1], Step [1600], Loss: 4.8526
2024-10-04 22:59:23 INFO     Epoch [1], Step [1700], Loss: 4.8533
2024-10-04 23:00:24 INFO     Epoch [1], Step [1800], Loss: 4.8538
2024-10-04 23:01:26 INFO     Epoch [1], Step [1900], Loss: 4.8529
2024-10-04 23:02:29 INFO     Epoch [1], Step [2000], Loss: 4.8530
2024-10-04 23:03:29 INFO     Epoch [1], Step [2100], Loss: 4.8530
2024-10-04 23:04:32 INFO     Epoch [1], Step [2200], Loss: 4.8522
2024-10-04 23:05:35 INFO     Epoch [1], Step [2300], Loss: 4.8529
2024-10-04 23:06:38 INFO     Epoch [1], Step [2400], Loss: 4.8531
2024-10-04 23:07:41 INFO     Epoch [1], Step [2500], Loss: 4.8528
2024-10-04 23:08:43 INFO     Epoch [1], Step [2600], Loss: 4.8531
2024-10-04 23:09:48 INFO     Epoch [1], Step [2700], Loss: 4.8537
2024-10-04 23:10:49 INFO     Epoch [1], Step [2800], Loss: 4.8524
2024-10-04 23:11:52 INFO     Epoch [1], Step [2900], Loss: 4.8527
2024-10-04 23:12:56 INFO     Epoch [1], Step [3000], Loss: 4.8525
2024-10-04 23:13:59 INFO     Epoch [1], Step [3100], Loss: 4.8532
2024-10-04 23:15:03 INFO     Epoch [1], Step [3200], Loss: 4.8530
2024-10-04 23:15:12 INFO     Epoch [2], Step [100], Loss: 4.8521
2024-10-04 23:15:20 INFO     Epoch [2], Step [200], Loss: 4.8519
2024-10-04 23:15:29 INFO     Epoch [2], Step [300], Loss: 4.8517
2024-10-04 23:15:38 INFO     Epoch [2], Step [400], Loss: 4.8526
2024-10-04 23:15:46 INFO     Epoch [2], Step [500], Loss: 4.8522
2024-10-04 23:15:56 INFO     Epoch [2], Step [600], Loss: 4.8526
2024-10-04 23:16:05 INFO     Epoch [2], Step [700], Loss: 4.8522
2024-10-04 23:16:14 INFO     Epoch [2], Step [800], Loss: 4.8528
2024-10-04 23:16:22 INFO     Epoch [2], Step [900], Loss: 4.8519
2024-10-04 23:16:32 INFO     Epoch [2], Step [1000], Loss: 4.8530
2024-10-04 23:16:41 INFO     Epoch [2], Step [1100], Loss: 4.8528
2024-10-04 23:16:50 INFO     Epoch [2], Step [1200], Loss: 4.8526
2024-10-04 23:16:58 INFO     Epoch [2], Step [1300], Loss: 4.8518
2024-10-04 23:17:07 INFO     Epoch [2], Step [1400], Loss: 4.8531
2024-10-04 23:17:16 INFO     Epoch [2], Step [1500], Loss: 4.8531
2024-10-04 23:17:25 INFO     Epoch [2], Step [1600], Loss: 4.8533
2024-10-04 23:17:34 INFO     Epoch [2], Step [1700], Loss: 4.8532
2024-10-04 23:17:43 INFO     Epoch [2], Step [1800], Loss: 4.8527
2024-10-04 23:17:52 INFO     Epoch [2], Step [1900], Loss: 4.8532
2024-10-04 23:18:01 INFO     Epoch [2], Step [2000], Loss: 4.8524
2024-10-04 23:18:10 INFO     Epoch [2], Step [2100], Loss: 4.8530
2024-10-04 23:18:19 INFO     Epoch [2], Step [2200], Loss: 4.8537
2024-10-04 23:18:28 INFO     Epoch [2], Step [2300], Loss: 4.8520
2024-10-04 23:18:38 INFO     Epoch [2], Step [2400], Loss: 4.8530
2024-10-04 23:18:47 INFO     Epoch [2], Step [2500], Loss: 4.8527
2024-10-04 23:18:56 INFO     Epoch [2], Step [2600], Loss: 4.8534
2024-10-04 23:19:05 INFO     Epoch [2], Step [2700], Loss: 4.8536
2024-10-04 23:19:14 INFO     Epoch [2], Step [2800], Loss: 4.8532
2024-10-04 23:19:23 INFO     Epoch [2], Step [2900], Loss: 4.8525
2024-10-04 23:19:32 INFO     Epoch [2], Step [3000], Loss: 4.8529
2024-10-04 23:19:41 INFO     Epoch [2], Step [3100], Loss: 4.8527
2024-10-04 23:19:50 INFO     Epoch [2], Step [3200], Loss: 4.8531
2024-10-04 23:19:54 INFO     Epoch [3], Step [100], Loss: 4.8522
2024-10-04 23:19:58 INFO     Epoch [3], Step [200], Loss: 4.8523
2024-10-04 23:20:02 INFO     Epoch [3], Step [300], Loss: 4.8519
2024-10-04 23:20:05 INFO     Epoch [3], Step [400], Loss: 4.8519
2024-10-04 23:20:09 INFO     Epoch [3], Step [500], Loss: 4.8526
2024-10-04 23:20:13 INFO     Epoch [3], Step [600], Loss: 4.8527
2024-10-04 23:20:16 INFO     Epoch [3], Step [700], Loss: 4.8530
2024-10-04 23:20:20 INFO     Epoch [3], Step [800], Loss: 4.8522
2024-10-04 23:20:23 INFO     Epoch [3], Step [900], Loss: 4.8528
2024-10-04 23:20:27 INFO     Epoch [3], Step [1000], Loss: 4.8526
2024-10-04 23:20:31 INFO     Epoch [3], Step [1100], Loss: 4.8524
2024-10-04 23:20:34 INFO     Epoch [3], Step [1200], Loss: 4.8535
2024-10-04 23:20:38 INFO     Epoch [3], Step [1300], Loss: 4.8525
2024-10-04 23:20:41 INFO     Epoch [3], Step [1400], Loss: 4.8529
2024-10-04 23:20:45 INFO     Epoch [3], Step [1500], Loss: 4.8522
2024-10-04 23:20:49 INFO     Epoch [3], Step [1600], Loss: 4.8525
2024-10-04 23:20:52 INFO     Epoch [3], Step [1700], Loss: 4.8532
2024-10-04 23:20:56 INFO     Epoch [3], Step [1800], Loss: 4.8524
2024-10-04 23:20:59 INFO     Epoch [3], Step [1900], Loss: 4.8523
2024-10-04 23:21:03 INFO     Epoch [3], Step [2000], Loss: 4.8523
2024-10-04 23:21:07 INFO     Epoch [3], Step [2100], Loss: 4.8536
2024-10-04 23:21:10 INFO     Epoch [3], Step [2200], Loss: 4.8538
2024-10-04 23:21:14 INFO     Epoch [3], Step [2300], Loss: 4.8528
2024-10-04 23:21:17 INFO     Epoch [3], Step [2400], Loss: 4.8523
2024-10-04 23:21:22 INFO     Epoch [3], Step [2500], Loss: 4.8531
2024-10-04 23:21:25 INFO     Epoch [3], Step [2600], Loss: 4.8525
2024-10-04 23:21:29 INFO     Epoch [3], Step [2700], Loss: 4.8532
2024-10-04 23:21:32 INFO     Epoch [3], Step [2800], Loss: 4.8528
2024-10-04 23:21:36 INFO     Epoch [3], Step [2900], Loss: 4.8529
2024-10-04 23:21:40 INFO     Epoch [3], Step [3000], Loss: 4.8530
2024-10-04 23:21:43 INFO     Epoch [3], Step [3100], Loss: 4.8535
2024-10-04 23:21:47 INFO     Epoch [3], Step [3200], Loss: 4.8527
2024-10-04 23:30:31 INFO     Validation/Test Loss: 4.8533
2024-10-04 23:30:31 INFO     Validation/Test Accuracy: 0.68%
2024-10-04 23:30:31 INFO     Symbol Error Rate (SER): 0.993164
2024-10-04 23:30:31 INFO     Calculating SER for specific value: -14
2024-10-04 23:30:43 INFO     Number of images in dataset: 128000
2024-10-04 23:31:52 INFO     Epoch [1], Step [100], Loss: 4.8613
2024-10-04 23:33:01 INFO     Epoch [1], Step [200], Loss: 4.8532
2024-10-04 23:34:07 INFO     Epoch [1], Step [300], Loss: 4.8533
2024-10-04 23:35:14 INFO     Epoch [1], Step [400], Loss: 4.8530
2024-10-04 23:36:17 INFO     Epoch [1], Step [500], Loss: 4.8537
2024-10-04 23:37:21 INFO     Epoch [1], Step [600], Loss: 4.8519
2024-10-04 23:38:25 INFO     Epoch [1], Step [700], Loss: 4.8529
2024-10-04 23:39:32 INFO     Epoch [1], Step [800], Loss: 4.8535
2024-10-04 23:40:36 INFO     Epoch [1], Step [900], Loss: 4.8533
2024-10-04 23:41:38 INFO     Epoch [1], Step [1000], Loss: 4.8533
2024-10-04 23:42:41 INFO     Epoch [1], Step [1100], Loss: 4.8528
2024-10-04 23:43:46 INFO     Epoch [1], Step [1200], Loss: 4.8534
2024-10-04 23:44:50 INFO     Epoch [1], Step [1300], Loss: 4.8530
2024-10-04 23:45:56 INFO     Epoch [1], Step [1400], Loss: 4.8523
2024-10-04 23:47:03 INFO     Epoch [1], Step [1500], Loss: 4.8530
2024-10-04 23:48:05 INFO     Epoch [1], Step [1600], Loss: 4.8528
2024-10-04 23:49:14 INFO     Epoch [1], Step [1700], Loss: 4.8528
2024-10-04 23:50:25 INFO     Epoch [1], Step [1800], Loss: 4.8535
2024-10-04 23:51:40 INFO     Epoch [1], Step [1900], Loss: 4.8534
2024-10-04 23:52:53 INFO     Epoch [1], Step [2000], Loss: 4.8533
2024-10-04 23:54:06 INFO     Epoch [1], Step [2100], Loss: 4.8530
2024-10-04 23:55:21 INFO     Epoch [1], Step [2200], Loss: 4.8532
2024-10-04 23:56:41 INFO     Epoch [1], Step [2300], Loss: 4.8527
2024-10-04 23:58:03 INFO     Epoch [1], Step [2400], Loss: 4.8527
2024-10-04 23:59:22 INFO     Epoch [1], Step [2500], Loss: 4.8525
2024-10-05 00:00:41 INFO     Epoch [1], Step [2600], Loss: 4.8527
2024-10-05 00:02:01 INFO     Epoch [1], Step [2700], Loss: 4.8530
2024-10-05 00:03:26 INFO     Epoch [1], Step [2800], Loss: 4.8528
2024-10-05 00:04:46 INFO     Epoch [1], Step [2900], Loss: 4.8526
2024-10-05 00:06:02 INFO     Epoch [1], Step [3000], Loss: 4.8533
2024-10-05 00:07:20 INFO     Epoch [1], Step [3100], Loss: 4.8534
2024-10-05 00:08:38 INFO     Epoch [1], Step [3200], Loss: 4.8533
2024-10-05 00:08:42 INFO     Epoch [2], Step [100], Loss: 4.8516
2024-10-05 00:08:46 INFO     Epoch [2], Step [200], Loss: 4.8518
2024-10-05 00:08:49 INFO     Epoch [2], Step [300], Loss: 4.8524
2024-10-05 00:08:53 INFO     Epoch [2], Step [400], Loss: 4.8514
2024-10-05 00:08:56 INFO     Epoch [2], Step [500], Loss: 4.8520
2024-10-05 00:09:00 INFO     Epoch [2], Step [600], Loss: 4.8525
2024-10-05 00:09:04 INFO     Epoch [2], Step [700], Loss: 4.8531
2024-10-05 00:09:07 INFO     Epoch [2], Step [800], Loss: 4.8526
2024-10-05 00:09:11 INFO     Epoch [2], Step [900], Loss: 4.8526
2024-10-05 00:09:14 INFO     Epoch [2], Step [1000], Loss: 4.8529
2024-10-05 00:09:18 INFO     Epoch [2], Step [1100], Loss: 4.8526
2024-10-05 00:09:21 INFO     Epoch [2], Step [1200], Loss: 4.8529
2024-10-05 00:09:25 INFO     Epoch [2], Step [1300], Loss: 4.8528
2024-10-05 00:09:29 INFO     Epoch [2], Step [1400], Loss: 4.8536
2024-10-05 00:09:32 INFO     Epoch [2], Step [1500], Loss: 4.8528
2024-10-05 00:09:36 INFO     Epoch [2], Step [1600], Loss: 4.8523
2024-10-05 00:09:39 INFO     Epoch [2], Step [1700], Loss: 4.8533
2024-10-05 00:09:43 INFO     Epoch [2], Step [1800], Loss: 4.8534
2024-10-05 00:09:46 INFO     Epoch [2], Step [1900], Loss: 4.8532
2024-10-05 00:09:50 INFO     Epoch [2], Step [2000], Loss: 4.8523
2024-10-05 00:09:54 INFO     Epoch [2], Step [2100], Loss: 4.8527
2024-10-05 00:09:57 INFO     Epoch [2], Step [2200], Loss: 4.8529
2024-10-05 00:10:01 INFO     Epoch [2], Step [2300], Loss: 4.8528
2024-10-05 00:10:04 INFO     Epoch [2], Step [2400], Loss: 4.8530
2024-10-05 00:10:08 INFO     Epoch [2], Step [2500], Loss: 4.8533
2024-10-05 00:10:12 INFO     Epoch [2], Step [2600], Loss: 4.8524
2024-10-05 00:10:15 INFO     Epoch [2], Step [2700], Loss: 4.8533
2024-10-05 00:10:19 INFO     Epoch [2], Step [2800], Loss: 4.8526
2024-10-05 00:10:22 INFO     Epoch [2], Step [2900], Loss: 4.8532
2024-10-05 00:10:26 INFO     Epoch [2], Step [3000], Loss: 4.8524
2024-10-05 00:10:29 INFO     Epoch [2], Step [3100], Loss: 4.8530
2024-10-05 00:10:33 INFO     Epoch [2], Step [3200], Loss: 4.8531
2024-10-05 00:10:37 INFO     Epoch [3], Step [100], Loss: 4.8516
2024-10-05 00:10:40 INFO     Epoch [3], Step [200], Loss: 4.8527
2024-10-05 00:10:44 INFO     Epoch [3], Step [300], Loss: 4.8523
2024-10-05 00:10:47 INFO     Epoch [3], Step [400], Loss: 4.8526
2024-10-05 00:10:51 INFO     Epoch [3], Step [500], Loss: 4.8525
2024-10-05 00:10:54 INFO     Epoch [3], Step [600], Loss: 4.8523
2024-10-05 00:10:58 INFO     Epoch [3], Step [700], Loss: 4.8528
2024-10-05 00:11:02 INFO     Epoch [3], Step [800], Loss: 4.8518
2024-10-05 00:11:05 INFO     Epoch [3], Step [900], Loss: 4.8517
2024-10-05 00:11:09 INFO     Epoch [3], Step [1000], Loss: 4.8531
2024-10-05 00:11:12 INFO     Epoch [3], Step [1100], Loss: 4.8525
2024-10-05 00:11:16 INFO     Epoch [3], Step [1200], Loss: 4.8521
2024-10-05 00:11:19 INFO     Epoch [3], Step [1300], Loss: 4.8529
2024-10-05 00:11:23 INFO     Epoch [3], Step [1400], Loss: 4.8532
2024-10-05 00:11:27 INFO     Epoch [3], Step [1500], Loss: 4.8523
2024-10-05 00:11:30 INFO     Epoch [3], Step [1600], Loss: 4.8530
2024-10-05 00:11:34 INFO     Epoch [3], Step [1700], Loss: 4.8535
2024-10-05 00:11:37 INFO     Epoch [3], Step [1800], Loss: 4.8530
2024-10-05 00:11:41 INFO     Epoch [3], Step [1900], Loss: 4.8522
2024-10-05 00:11:44 INFO     Epoch [3], Step [2000], Loss: 4.8526
2024-10-05 00:11:48 INFO     Epoch [3], Step [2100], Loss: 4.8536
2024-10-05 00:11:52 INFO     Epoch [3], Step [2200], Loss: 4.8526
2024-10-05 00:11:55 INFO     Epoch [3], Step [2300], Loss: 4.8526
2024-10-05 00:11:59 INFO     Epoch [3], Step [2400], Loss: 4.8535
2024-10-05 00:12:02 INFO     Epoch [3], Step [2500], Loss: 4.8528
2024-10-05 00:12:06 INFO     Epoch [3], Step [2600], Loss: 4.8532
2024-10-05 00:12:09 INFO     Epoch [3], Step [2700], Loss: 4.8528
2024-10-05 00:12:13 INFO     Epoch [3], Step [2800], Loss: 4.8531
2024-10-05 00:12:17 INFO     Epoch [3], Step [2900], Loss: 4.8524
2024-10-05 00:12:20 INFO     Epoch [3], Step [3000], Loss: 4.8533
2024-10-05 00:12:24 INFO     Epoch [3], Step [3100], Loss: 4.8528
2024-10-05 00:12:27 INFO     Epoch [3], Step [3200], Loss: 4.8529
2024-10-05 00:22:06 INFO     Validation/Test Loss: 4.8534
2024-10-05 00:22:06 INFO     Validation/Test Accuracy: 0.69%
2024-10-05 00:22:06 INFO     Symbol Error Rate (SER): 0.993086
2024-10-05 00:22:06 INFO     Calculating SER for specific value: -12
2024-10-05 00:22:17 INFO     Number of images in dataset: 128000
2024-10-05 00:23:30 INFO     Epoch [1], Step [100], Loss: 4.7243
2024-10-05 00:24:45 INFO     Epoch [1], Step [200], Loss: 2.7862
2024-10-05 00:25:56 INFO     Epoch [1], Step [300], Loss: 2.3448
2024-10-05 00:27:07 INFO     Epoch [1], Step [400], Loss: 2.1941
2024-10-05 00:28:20 INFO     Epoch [1], Step [500], Loss: 2.1527
2024-10-05 00:29:29 INFO     Epoch [1], Step [600], Loss: 2.0197
2024-10-05 00:30:40 INFO     Epoch [1], Step [700], Loss: 1.9820
2024-10-05 00:31:53 INFO     Epoch [1], Step [800], Loss: 1.9031
2024-10-05 00:33:07 INFO     Epoch [1], Step [900], Loss: 1.8178
2024-10-05 00:34:20 INFO     Epoch [1], Step [1000], Loss: 1.7367
2024-10-05 00:35:33 INFO     Epoch [1], Step [1100], Loss: 1.7667
2024-10-05 00:36:45 INFO     Epoch [1], Step [1200], Loss: 1.6896
2024-10-05 00:37:57 INFO     Epoch [1], Step [1300], Loss: 1.6188
2024-10-05 00:39:12 INFO     Epoch [1], Step [1400], Loss: 1.5958
2024-10-05 00:40:27 INFO     Epoch [1], Step [1500], Loss: 1.6202
2024-10-05 00:41:42 INFO     Epoch [1], Step [1600], Loss: 1.5789
2024-10-05 00:42:55 INFO     Epoch [1], Step [1700], Loss: 1.5714
2024-10-05 00:44:10 INFO     Epoch [1], Step [1800], Loss: 1.5375
2024-10-05 00:45:19 INFO     Epoch [1], Step [1900], Loss: 1.5581
2024-10-05 00:46:34 INFO     Epoch [1], Step [2000], Loss: 1.5566
2024-10-05 00:47:45 INFO     Epoch [1], Step [2100], Loss: 1.5622
2024-10-05 00:48:59 INFO     Epoch [1], Step [2200], Loss: 1.5045
2024-10-05 00:50:12 INFO     Epoch [1], Step [2300], Loss: 1.4995
2024-10-05 00:51:28 INFO     Epoch [1], Step [2400], Loss: 1.5089
2024-10-05 00:52:42 INFO     Epoch [1], Step [2500], Loss: 1.4425
2024-10-05 00:53:54 INFO     Epoch [1], Step [2600], Loss: 1.4592
2024-10-05 00:55:09 INFO     Epoch [1], Step [2700], Loss: 1.5037
2024-10-05 00:56:20 INFO     Epoch [1], Step [2800], Loss: 1.5295
2024-10-05 00:57:37 INFO     Epoch [1], Step [2900], Loss: 1.4708
2024-10-05 00:58:51 INFO     Epoch [1], Step [3000], Loss: 1.3940
2024-10-05 01:00:07 INFO     Epoch [1], Step [3100], Loss: 1.4211
2024-10-05 01:01:20 INFO     Epoch [1], Step [3200], Loss: 1.4543
2024-10-05 01:01:24 INFO     Epoch [2], Step [100], Loss: 1.2900
2024-10-05 01:01:27 INFO     Epoch [2], Step [200], Loss: 1.2561
2024-10-05 01:01:31 INFO     Epoch [2], Step [300], Loss: 1.2775
2024-10-05 01:01:35 INFO     Epoch [2], Step [400], Loss: 1.2738
2024-10-05 01:01:38 INFO     Epoch [2], Step [500], Loss: 1.3179
2024-10-05 01:01:42 INFO     Epoch [2], Step [600], Loss: 1.3779
2024-10-05 01:01:45 INFO     Epoch [2], Step [700], Loss: 1.2643
2024-10-05 01:01:49 INFO     Epoch [2], Step [800], Loss: 1.3440
2024-10-05 01:01:53 INFO     Epoch [2], Step [900], Loss: 1.2719
2024-10-05 01:01:56 INFO     Epoch [2], Step [1000], Loss: 1.2871
2024-10-05 01:02:00 INFO     Epoch [2], Step [1100], Loss: 1.2744
2024-10-05 01:02:03 INFO     Epoch [2], Step [1200], Loss: 1.2727
2024-10-05 01:02:07 INFO     Epoch [2], Step [1300], Loss: 1.2702
2024-10-05 01:02:10 INFO     Epoch [2], Step [1400], Loss: 1.2483
2024-10-05 01:02:14 INFO     Epoch [2], Step [1500], Loss: 1.2992
2024-10-05 01:02:18 INFO     Epoch [2], Step [1600], Loss: 1.3147
2024-10-05 01:02:21 INFO     Epoch [2], Step [1700], Loss: 1.3015
2024-10-05 01:02:25 INFO     Epoch [2], Step [1800], Loss: 1.2955
2024-10-05 01:02:28 INFO     Epoch [2], Step [1900], Loss: 1.2990
2024-10-05 01:02:32 INFO     Epoch [2], Step [2000], Loss: 1.2150
2024-10-05 01:02:36 INFO     Epoch [2], Step [2100], Loss: 1.3375
2024-10-05 01:02:39 INFO     Epoch [2], Step [2200], Loss: 1.2051
2024-10-05 01:02:43 INFO     Epoch [2], Step [2300], Loss: 1.3037
2024-10-05 01:02:46 INFO     Epoch [2], Step [2400], Loss: 1.2420
2024-10-05 01:02:50 INFO     Epoch [2], Step [2500], Loss: 1.2515
2024-10-05 01:02:53 INFO     Epoch [2], Step [2600], Loss: 1.2629
2024-10-05 01:02:57 INFO     Epoch [2], Step [2700], Loss: 1.2322
2024-10-05 01:03:01 INFO     Epoch [2], Step [2800], Loss: 1.2646
2024-10-05 01:03:05 INFO     Epoch [2], Step [2900], Loss: 1.3270
2024-10-05 01:03:09 INFO     Epoch [2], Step [3000], Loss: 1.2369
2024-10-05 01:03:12 INFO     Epoch [2], Step [3100], Loss: 1.1942
2024-10-05 01:03:16 INFO     Epoch [2], Step [3200], Loss: 1.2704
2024-10-05 01:03:19 INFO     Epoch [3], Step [100], Loss: 0.9923
2024-10-05 01:03:23 INFO     Epoch [3], Step [200], Loss: 1.0700
2024-10-05 01:03:26 INFO     Epoch [3], Step [300], Loss: 0.9342
2024-10-05 01:03:30 INFO     Epoch [3], Step [400], Loss: 1.0427
2024-10-05 01:03:34 INFO     Epoch [3], Step [500], Loss: 1.0358
2024-10-05 01:03:37 INFO     Epoch [3], Step [600], Loss: 1.0749
2024-10-05 01:03:41 INFO     Epoch [3], Step [700], Loss: 1.0380
2024-10-05 01:03:44 INFO     Epoch [3], Step [800], Loss: 1.0579
2024-10-05 01:03:48 INFO     Epoch [3], Step [900], Loss: 1.0349
2024-10-05 01:03:51 INFO     Epoch [3], Step [1000], Loss: 1.0937
2024-10-05 01:03:55 INFO     Epoch [3], Step [1100], Loss: 1.1095
2024-10-05 01:03:58 INFO     Epoch [3], Step [1200], Loss: 1.1052
2024-10-05 01:04:02 INFO     Epoch [3], Step [1300], Loss: 1.0818
2024-10-05 01:04:06 INFO     Epoch [3], Step [1400], Loss: 1.0678
2024-10-05 01:04:09 INFO     Epoch [3], Step [1500], Loss: 1.1276
2024-10-05 01:04:13 INFO     Epoch [3], Step [1600], Loss: 1.1198
2024-10-05 01:04:16 INFO     Epoch [3], Step [1700], Loss: 1.0735
2024-10-05 01:04:20 INFO     Epoch [3], Step [1800], Loss: 1.0420
2024-10-05 01:04:23 INFO     Epoch [3], Step [1900], Loss: 1.0528
2024-10-05 01:04:27 INFO     Epoch [3], Step [2000], Loss: 1.0917
2024-10-05 01:04:31 INFO     Epoch [3], Step [2100], Loss: 1.1188
2024-10-05 01:04:34 INFO     Epoch [3], Step [2200], Loss: 1.0809
2024-10-05 01:04:38 INFO     Epoch [3], Step [2300], Loss: 1.1337
2024-10-05 01:04:41 INFO     Epoch [3], Step [2400], Loss: 1.1244
2024-10-05 01:04:45 INFO     Epoch [3], Step [2500], Loss: 1.0143
2024-10-05 01:04:48 INFO     Epoch [3], Step [2600], Loss: 1.0964
2024-10-05 01:04:52 INFO     Epoch [3], Step [2700], Loss: 1.0831
2024-10-05 01:04:55 INFO     Epoch [3], Step [2800], Loss: 1.0574
2024-10-05 01:04:59 INFO     Epoch [3], Step [2900], Loss: 1.1192
2024-10-05 01:05:03 INFO     Epoch [3], Step [3000], Loss: 1.0985
2024-10-05 01:05:06 INFO     Epoch [3], Step [3100], Loss: 1.1374
2024-10-05 01:05:10 INFO     Epoch [3], Step [3200], Loss: 1.1068
2024-10-05 01:15:00 INFO     Validation/Test Loss: 1.2908
2024-10-05 01:15:00 INFO     Validation/Test Accuracy: 75.46%
2024-10-05 01:15:00 INFO     Symbol Error Rate (SER): 0.245352
2024-10-05 01:15:00 INFO     Calculating SER for specific value: -10
2024-10-05 01:15:12 INFO     Number of images in dataset: 128000
2024-10-05 01:16:29 INFO     Epoch [1], Step [100], Loss: 4.8606
2024-10-05 01:17:46 INFO     Epoch [1], Step [200], Loss: 4.8538
2024-10-05 01:19:02 INFO     Epoch [1], Step [300], Loss: 4.8516
2024-10-05 01:20:16 INFO     Epoch [1], Step [400], Loss: 3.3264
2024-10-05 01:21:34 INFO     Epoch [1], Step [500], Loss: 1.3624
2024-10-05 01:22:50 INFO     Epoch [1], Step [600], Loss: 0.9876
2024-10-05 01:24:04 INFO     Epoch [1], Step [700], Loss: 0.6909
2024-10-05 01:25:16 INFO     Epoch [1], Step [800], Loss: 0.6350
2024-10-05 01:26:30 INFO     Epoch [1], Step [900], Loss: 0.5587
2024-10-05 01:27:45 INFO     Epoch [1], Step [1000], Loss: 0.5168
2024-10-05 01:28:56 INFO     Epoch [1], Step [1100], Loss: 0.5087
2024-10-05 01:30:08 INFO     Epoch [1], Step [1200], Loss: 0.5060
2024-10-05 01:31:18 INFO     Epoch [1], Step [1300], Loss: 0.5070
2024-10-05 01:32:30 INFO     Epoch [1], Step [1400], Loss: 0.5112
2024-10-05 01:33:43 INFO     Epoch [1], Step [1500], Loss: 0.4431
2024-10-05 01:34:56 INFO     Epoch [1], Step [1600], Loss: 0.4385
2024-10-05 01:36:09 INFO     Epoch [1], Step [1700], Loss: 0.4311
2024-10-05 01:37:21 INFO     Epoch [1], Step [1800], Loss: 0.4392
2024-10-05 01:38:37 INFO     Epoch [1], Step [1900], Loss: 0.4548
2024-10-05 01:39:56 INFO     Epoch [1], Step [2000], Loss: 0.4140
2024-10-05 01:41:11 INFO     Epoch [1], Step [2100], Loss: 0.4204
2024-10-05 01:42:28 INFO     Epoch [1], Step [2200], Loss: 0.4455
2024-10-05 01:43:42 INFO     Epoch [1], Step [2300], Loss: 0.3913
2024-10-05 01:44:57 INFO     Epoch [1], Step [2400], Loss: 0.4207
2024-10-05 01:46:15 INFO     Epoch [1], Step [2500], Loss: 0.3974
2024-10-05 01:47:37 INFO     Epoch [1], Step [2600], Loss: 0.4066
2024-10-05 01:48:53 INFO     Epoch [1], Step [2700], Loss: 0.3683
2024-10-05 01:50:08 INFO     Epoch [1], Step [2800], Loss: 0.3959
2024-10-05 01:51:21 INFO     Epoch [1], Step [2900], Loss: 0.4277
2024-10-05 01:52:34 INFO     Epoch [1], Step [3000], Loss: 0.4058
2024-10-05 01:53:50 INFO     Epoch [1], Step [3100], Loss: 0.3935
2024-10-05 01:55:07 INFO     Epoch [1], Step [3200], Loss: 0.3743
2024-10-05 01:55:11 INFO     Epoch [2], Step [100], Loss: 0.3026
2024-10-05 01:55:14 INFO     Epoch [2], Step [200], Loss: 0.3005
2024-10-05 01:55:18 INFO     Epoch [2], Step [300], Loss: 0.2947
2024-10-05 01:55:22 INFO     Epoch [2], Step [400], Loss: 0.3344
2024-10-05 01:55:25 INFO     Epoch [2], Step [500], Loss: 0.3305
2024-10-05 01:55:29 INFO     Epoch [2], Step [600], Loss: 0.2858
2024-10-05 01:55:33 INFO     Epoch [2], Step [700], Loss: 0.2993
2024-10-05 01:55:36 INFO     Epoch [2], Step [800], Loss: 0.3252
2024-10-05 01:55:40 INFO     Epoch [2], Step [900], Loss: 0.3428
2024-10-05 01:55:43 INFO     Epoch [2], Step [1000], Loss: 0.3263
2024-10-05 01:55:47 INFO     Epoch [2], Step [1100], Loss: 0.2939
2024-10-05 01:55:50 INFO     Epoch [2], Step [1200], Loss: 0.3148
2024-10-05 01:55:54 INFO     Epoch [2], Step [1300], Loss: 0.3227
2024-10-05 01:55:57 INFO     Epoch [2], Step [1400], Loss: 0.3466
2024-10-05 01:56:01 INFO     Epoch [2], Step [1500], Loss: 0.2983
2024-10-05 01:56:04 INFO     Epoch [2], Step [1600], Loss: 0.2984
2024-10-05 01:56:08 INFO     Epoch [2], Step [1700], Loss: 0.3157
2024-10-05 01:56:12 INFO     Epoch [2], Step [1800], Loss: 0.3517
2024-10-05 01:56:15 INFO     Epoch [2], Step [1900], Loss: 0.3273
2024-10-05 01:56:19 INFO     Epoch [2], Step [2000], Loss: 0.3145
2024-10-05 01:56:22 INFO     Epoch [2], Step [2100], Loss: 0.3330
2024-10-05 01:56:26 INFO     Epoch [2], Step [2200], Loss: 0.3363
2024-10-05 01:56:29 INFO     Epoch [2], Step [2300], Loss: 0.3200
2024-10-05 01:56:33 INFO     Epoch [2], Step [2400], Loss: 0.3365
2024-10-05 01:56:36 INFO     Epoch [2], Step [2500], Loss: 0.3171
2024-10-05 01:56:40 INFO     Epoch [2], Step [2600], Loss: 0.3197
2024-10-05 01:56:43 INFO     Epoch [2], Step [2700], Loss: 0.3200
2024-10-05 01:56:47 INFO     Epoch [2], Step [2800], Loss: 0.3432
2024-10-05 01:56:50 INFO     Epoch [2], Step [2900], Loss: 0.2876
2024-10-05 01:56:54 INFO     Epoch [2], Step [3000], Loss: 0.3005
2024-10-05 01:56:57 INFO     Epoch [2], Step [3100], Loss: 0.3330
2024-10-05 01:57:01 INFO     Epoch [2], Step [3200], Loss: 0.2882
2024-10-05 01:57:05 INFO     Epoch [3], Step [100], Loss: 0.2200
2024-10-05 01:57:09 INFO     Epoch [3], Step [200], Loss: 0.2379
2024-10-05 01:57:12 INFO     Epoch [3], Step [300], Loss: 0.2211
2024-10-05 01:57:16 INFO     Epoch [3], Step [400], Loss: 0.2214
2024-10-05 01:57:19 INFO     Epoch [3], Step [500], Loss: 0.2575
2024-10-05 01:57:23 INFO     Epoch [3], Step [600], Loss: 0.2223
2024-10-05 01:57:26 INFO     Epoch [3], Step [700], Loss: 0.2399
2024-10-05 01:57:30 INFO     Epoch [3], Step [800], Loss: 0.2694
2024-10-05 01:57:34 INFO     Epoch [3], Step [900], Loss: 0.2533
2024-10-05 01:57:37 INFO     Epoch [3], Step [1000], Loss: 0.2636
2024-10-05 01:57:41 INFO     Epoch [3], Step [1100], Loss: 0.2586
2024-10-05 01:57:44 INFO     Epoch [3], Step [1200], Loss: 0.2540
2024-10-05 01:57:48 INFO     Epoch [3], Step [1300], Loss: 0.2237
2024-10-05 01:57:51 INFO     Epoch [3], Step [1400], Loss: 0.2922
2024-10-05 01:57:55 INFO     Epoch [3], Step [1500], Loss: 0.2790
2024-10-05 01:57:58 INFO     Epoch [3], Step [1600], Loss: 0.2538
2024-10-05 01:58:02 INFO     Epoch [3], Step [1700], Loss: 0.2412
2024-10-05 01:58:05 INFO     Epoch [3], Step [1800], Loss: 0.2386
2024-10-05 01:58:09 INFO     Epoch [3], Step [1900], Loss: 0.2426
2024-10-05 01:58:12 INFO     Epoch [3], Step [2000], Loss: 0.2602
2024-10-05 01:58:16 INFO     Epoch [3], Step [2100], Loss: 0.2643
2024-10-05 01:58:19 INFO     Epoch [3], Step [2200], Loss: 0.2622
2024-10-05 01:58:23 INFO     Epoch [3], Step [2300], Loss: 0.2729
2024-10-05 01:58:26 INFO     Epoch [3], Step [2400], Loss: 0.2483
2024-10-05 01:58:30 INFO     Epoch [3], Step [2500], Loss: 0.2267
2024-10-05 01:58:33 INFO     Epoch [3], Step [2600], Loss: 0.2560
2024-10-05 01:58:37 INFO     Epoch [3], Step [2700], Loss: 0.2504
2024-10-05 01:58:41 INFO     Epoch [3], Step [2800], Loss: 0.2958
2024-10-05 01:58:44 INFO     Epoch [3], Step [2900], Loss: 0.2878
2024-10-05 01:58:48 INFO     Epoch [3], Step [3000], Loss: 0.2959
2024-10-05 01:58:51 INFO     Epoch [3], Step [3100], Loss: 0.2954
2024-10-05 01:58:55 INFO     Epoch [3], Step [3200], Loss: 0.2695
2024-10-05 02:08:44 INFO     Validation/Test Loss: 0.3609
2024-10-05 02:08:44 INFO     Validation/Test Accuracy: 92.97%
2024-10-05 02:08:44 INFO     Symbol Error Rate (SER): 0.070273
2024-10-05 02:08:44 INFO     Calculating SER for specific value: -8
2024-10-05 02:08:57 INFO     Number of images in dataset: 128000
2024-10-05 02:10:22 INFO     Epoch [1], Step [100], Loss: 4.8713
2024-10-05 02:11:45 INFO     Epoch [1], Step [200], Loss: 4.8535
2024-10-05 02:13:06 INFO     Epoch [1], Step [300], Loss: 4.8532
2024-10-05 02:14:28 INFO     Epoch [1], Step [400], Loss: 4.8534
2024-10-05 02:15:51 INFO     Epoch [1], Step [500], Loss: 4.8523
2024-10-05 02:17:10 INFO     Epoch [1], Step [600], Loss: 4.8536
2024-10-05 02:18:32 INFO     Epoch [1], Step [700], Loss: 4.8532
2024-10-05 02:19:56 INFO     Epoch [1], Step [800], Loss: 4.8517
2024-10-05 02:21:22 INFO     Epoch [1], Step [900], Loss: 4.8527
2024-10-05 02:22:43 INFO     Epoch [1], Step [1000], Loss: 4.8526
2024-10-05 02:24:02 INFO     Epoch [1], Step [1100], Loss: 4.8534
2024-10-05 02:25:24 INFO     Epoch [1], Step [1200], Loss: 4.8531
2024-10-05 02:26:49 INFO     Epoch [1], Step [1300], Loss: 4.8529
2024-10-05 02:28:10 INFO     Epoch [1], Step [1400], Loss: 4.8529
2024-10-05 02:29:30 INFO     Epoch [1], Step [1500], Loss: 4.8529
2024-10-05 02:30:56 INFO     Epoch [1], Step [1600], Loss: 4.8532
2024-10-05 02:32:20 INFO     Epoch [1], Step [1700], Loss: 4.8531
2024-10-05 02:33:44 INFO     Epoch [1], Step [1800], Loss: 4.8533
2024-10-05 02:35:08 INFO     Epoch [1], Step [1900], Loss: 4.8537
2024-10-05 02:36:29 INFO     Epoch [1], Step [2000], Loss: 4.8524
2024-10-05 02:37:45 INFO     Epoch [1], Step [2100], Loss: 4.8532
2024-10-05 02:39:05 INFO     Epoch [1], Step [2200], Loss: 4.8527
2024-10-05 02:40:23 INFO     Epoch [1], Step [2300], Loss: 4.8527
2024-10-05 02:41:43 INFO     Epoch [1], Step [2400], Loss: 4.8527
2024-10-05 02:43:08 INFO     Epoch [1], Step [2500], Loss: 4.8536
2024-10-05 02:44:27 INFO     Epoch [1], Step [2600], Loss: 4.8531
2024-10-05 02:45:46 INFO     Epoch [1], Step [2700], Loss: 4.8533
2024-10-05 02:47:05 INFO     Epoch [1], Step [2800], Loss: 4.8528
2024-10-05 02:48:26 INFO     Epoch [1], Step [2900], Loss: 4.8525
2024-10-05 02:49:49 INFO     Epoch [1], Step [3000], Loss: 4.8526
2024-10-05 02:51:13 INFO     Epoch [1], Step [3100], Loss: 4.8530
2024-10-05 02:52:38 INFO     Epoch [1], Step [3200], Loss: 4.8534
2024-10-05 02:52:42 INFO     Epoch [2], Step [100], Loss: 4.8521
2024-10-05 02:52:45 INFO     Epoch [2], Step [200], Loss: 4.8524
2024-10-05 02:52:49 INFO     Epoch [2], Step [300], Loss: 4.8523
2024-10-05 02:52:52 INFO     Epoch [2], Step [400], Loss: 4.8519
2024-10-05 02:52:56 INFO     Epoch [2], Step [500], Loss: 4.8518
2024-10-05 02:52:59 INFO     Epoch [2], Step [600], Loss: 4.8527
2024-10-05 02:53:03 INFO     Epoch [2], Step [700], Loss: 4.8531
2024-10-05 02:53:06 INFO     Epoch [2], Step [800], Loss: 4.8525
2024-10-05 02:53:10 INFO     Epoch [2], Step [900], Loss: 4.8526
2024-10-05 02:53:13 INFO     Epoch [2], Step [1000], Loss: 4.8524
2024-10-05 02:53:17 INFO     Epoch [2], Step [1100], Loss: 4.8529
2024-10-05 02:53:21 INFO     Epoch [2], Step [1200], Loss: 4.8530
2024-10-05 02:53:24 INFO     Epoch [2], Step [1300], Loss: 4.8525
2024-10-05 02:53:28 INFO     Epoch [2], Step [1400], Loss: 4.8534
2024-10-05 02:53:31 INFO     Epoch [2], Step [1500], Loss: 4.8530
2024-10-05 02:53:35 INFO     Epoch [2], Step [1600], Loss: 4.8533
2024-10-05 02:53:38 INFO     Epoch [2], Step [1700], Loss: 4.8521
2024-10-05 02:53:42 INFO     Epoch [2], Step [1800], Loss: 4.8529
2024-10-05 02:53:45 INFO     Epoch [2], Step [1900], Loss: 4.8532
2024-10-05 02:53:49 INFO     Epoch [2], Step [2000], Loss: 4.8531
2024-10-05 02:53:52 INFO     Epoch [2], Step [2100], Loss: 4.8531
2024-10-05 02:53:56 INFO     Epoch [2], Step [2200], Loss: 4.8517
2024-10-05 02:53:59 INFO     Epoch [2], Step [2300], Loss: 4.8526
2024-10-05 02:54:03 INFO     Epoch [2], Step [2400], Loss: 4.8532
2024-10-05 02:54:06 INFO     Epoch [2], Step [2500], Loss: 4.8529
2024-10-05 02:54:10 INFO     Epoch [2], Step [2600], Loss: 4.8524
2024-10-05 02:54:13 INFO     Epoch [2], Step [2700], Loss: 4.8527
2024-10-05 02:54:17 INFO     Epoch [2], Step [2800], Loss: 4.8532
2024-10-05 02:54:20 INFO     Epoch [2], Step [2900], Loss: 4.8527
2024-10-05 02:54:24 INFO     Epoch [2], Step [3000], Loss: 4.8530
2024-10-05 02:54:27 INFO     Epoch [2], Step [3100], Loss: 4.8528
2024-10-05 02:54:31 INFO     Epoch [2], Step [3200], Loss: 4.8536
2024-10-05 02:54:35 INFO     Epoch [3], Step [100], Loss: 4.8525
2024-10-05 02:54:38 INFO     Epoch [3], Step [200], Loss: 4.8515
2024-10-05 02:54:42 INFO     Epoch [3], Step [300], Loss: 4.8521
2024-10-05 02:54:45 INFO     Epoch [3], Step [400], Loss: 4.8523
2024-10-05 02:54:49 INFO     Epoch [3], Step [500], Loss: 4.8529
2024-10-05 02:54:52 INFO     Epoch [3], Step [600], Loss: 4.8523
2024-10-05 02:54:56 INFO     Epoch [3], Step [700], Loss: 4.8525
2024-10-05 02:54:59 INFO     Epoch [3], Step [800], Loss: 4.8521
2024-10-05 02:55:03 INFO     Epoch [3], Step [900], Loss: 4.8516
2024-10-05 02:55:06 INFO     Epoch [3], Step [1000], Loss: 4.8523
2024-10-05 02:55:10 INFO     Epoch [3], Step [1100], Loss: 4.8528
2024-10-05 02:55:13 INFO     Epoch [3], Step [1200], Loss: 4.8536
2024-10-05 02:55:17 INFO     Epoch [3], Step [1300], Loss: 4.8523
2024-10-05 02:55:20 INFO     Epoch [3], Step [1400], Loss: 4.8524
2024-10-05 02:55:24 INFO     Epoch [3], Step [1500], Loss: 4.8534
2024-10-05 02:55:27 INFO     Epoch [3], Step [1600], Loss: 4.8526
2024-10-05 02:55:31 INFO     Epoch [3], Step [1700], Loss: 4.8530
2024-10-05 02:55:34 INFO     Epoch [3], Step [1800], Loss: 4.8525
2024-10-05 02:55:38 INFO     Epoch [3], Step [1900], Loss: 4.8538
2024-10-05 02:55:41 INFO     Epoch [3], Step [2000], Loss: 4.8525
2024-10-05 02:55:45 INFO     Epoch [3], Step [2100], Loss: 4.8531
2024-10-05 02:55:48 INFO     Epoch [3], Step [2200], Loss: 4.8525
2024-10-05 02:55:52 INFO     Epoch [3], Step [2300], Loss: 4.8528
2024-10-05 02:55:55 INFO     Epoch [3], Step [2400], Loss: 4.8536
2024-10-05 02:55:59 INFO     Epoch [3], Step [2500], Loss: 4.8534
2024-10-05 02:56:03 INFO     Epoch [3], Step [2600], Loss: 4.8527
2024-10-05 02:56:06 INFO     Epoch [3], Step [2700], Loss: 4.8526
2024-10-05 02:56:10 INFO     Epoch [3], Step [2800], Loss: 4.8529
2024-10-05 02:56:13 INFO     Epoch [3], Step [2900], Loss: 4.8529
2024-10-05 02:56:17 INFO     Epoch [3], Step [3000], Loss: 4.8528
2024-10-05 02:56:20 INFO     Epoch [3], Step [3100], Loss: 4.8524
2024-10-05 02:56:24 INFO     Epoch [3], Step [3200], Loss: 4.8524
2024-10-05 03:07:17 INFO     Validation/Test Loss: 4.8535
2024-10-05 03:07:17 INFO     Validation/Test Accuracy: 0.69%
2024-10-05 03:07:17 INFO     Symbol Error Rate (SER): 0.993086
2024-10-05 03:07:17 INFO     Calculating SER for specific value: -6
2024-10-05 03:07:29 INFO     Number of images in dataset: 128000
2024-10-05 03:08:52 INFO     Epoch [1], Step [100], Loss: 3.8679
2024-10-05 03:10:18 INFO     Epoch [1], Step [200], Loss: 0.9805
2024-10-05 03:11:43 INFO     Epoch [1], Step [300], Loss: 0.3837
2024-10-05 03:13:04 INFO     Epoch [1], Step [400], Loss: 0.1697
2024-10-05 03:14:25 INFO     Epoch [1], Step [500], Loss: 0.0733
2024-10-05 03:15:48 INFO     Epoch [1], Step [600], Loss: 0.0501
2024-10-05 03:17:11 INFO     Epoch [1], Step [700], Loss: 0.0536
2024-10-05 03:18:34 INFO     Epoch [1], Step [800], Loss: 0.0221
2024-10-05 03:19:58 INFO     Epoch [1], Step [900], Loss: 0.0155
2024-10-05 03:21:18 INFO     Epoch [1], Step [1000], Loss: 0.0188
2024-10-05 03:22:37 INFO     Epoch [1], Step [1100], Loss: 0.0512
2024-10-05 03:23:57 INFO     Epoch [1], Step [1200], Loss: 0.0112
2024-10-05 03:25:17 INFO     Epoch [1], Step [1300], Loss: 0.0473
2024-10-05 03:26:38 INFO     Epoch [1], Step [1400], Loss: 0.0056
2024-10-05 03:28:00 INFO     Epoch [1], Step [1500], Loss: 0.0443
2024-10-05 03:29:17 INFO     Epoch [1], Step [1600], Loss: 0.0098
2024-10-05 03:30:37 INFO     Epoch [1], Step [1700], Loss: 0.0032
2024-10-05 03:31:58 INFO     Epoch [1], Step [1800], Loss: 0.0190
2024-10-05 03:33:16 INFO     Epoch [1], Step [1900], Loss: 0.0079
2024-10-05 03:34:38 INFO     Epoch [1], Step [2000], Loss: 0.0119
2024-10-05 03:35:56 INFO     Epoch [1], Step [2100], Loss: 0.0106
2024-10-05 03:37:17 INFO     Epoch [1], Step [2200], Loss: 0.0108
2024-10-05 03:38:35 INFO     Epoch [1], Step [2300], Loss: 0.0122
2024-10-05 03:39:53 INFO     Epoch [1], Step [2400], Loss: 0.0226
2024-10-05 03:41:11 INFO     Epoch [1], Step [2500], Loss: 0.0042
2024-10-05 03:42:28 INFO     Epoch [1], Step [2600], Loss: 0.0005
2024-10-05 03:43:46 INFO     Epoch [1], Step [2700], Loss: 0.0086
2024-10-05 03:45:03 INFO     Epoch [1], Step [2800], Loss: 0.0195
2024-10-05 03:46:22 INFO     Epoch [1], Step [2900], Loss: 0.0031
2024-10-05 03:47:40 INFO     Epoch [1], Step [3000], Loss: 0.0344
2024-10-05 03:48:51 INFO     Epoch [1], Step [3100], Loss: 0.0349
2024-10-05 03:50:08 INFO     Epoch [1], Step [3200], Loss: 0.0109
2024-10-05 03:50:13 INFO     Epoch [2], Step [100], Loss: 0.0004
2024-10-05 03:50:16 INFO     Epoch [2], Step [200], Loss: 0.0001
2024-10-05 03:50:20 INFO     Epoch [2], Step [300], Loss: 0.0004
2024-10-05 03:50:23 INFO     Epoch [2], Step [400], Loss: 0.0001
2024-10-05 03:50:27 INFO     Epoch [2], Step [500], Loss: 0.0001
2024-10-05 03:50:30 INFO     Epoch [2], Step [600], Loss: 0.0001
2024-10-05 03:50:34 INFO     Epoch [2], Step [700], Loss: 0.0105
2024-10-05 03:50:37 INFO     Epoch [2], Step [800], Loss: 0.0564
2024-10-05 03:50:41 INFO     Epoch [2], Step [900], Loss: 0.0010
2024-10-05 03:50:44 INFO     Epoch [2], Step [1000], Loss: 0.0541
2024-10-05 03:50:48 INFO     Epoch [2], Step [1100], Loss: 0.0145
2024-10-05 03:50:51 INFO     Epoch [2], Step [1200], Loss: 0.0109
2024-10-05 03:50:55 INFO     Epoch [2], Step [1300], Loss: 0.0255
2024-10-05 03:50:58 INFO     Epoch [2], Step [1400], Loss: 0.0168
2024-10-05 03:51:02 INFO     Epoch [2], Step [1500], Loss: 0.0265
2024-10-05 03:51:05 INFO     Epoch [2], Step [1600], Loss: 0.0294
2024-10-05 03:51:09 INFO     Epoch [2], Step [1700], Loss: 0.0033
2024-10-05 03:51:12 INFO     Epoch [2], Step [1800], Loss: 0.0017
2024-10-05 03:51:16 INFO     Epoch [2], Step [1900], Loss: 0.0056
2024-10-05 03:51:19 INFO     Epoch [2], Step [2000], Loss: 0.0040
2024-10-05 03:51:23 INFO     Epoch [2], Step [2100], Loss: 0.0322
2024-10-05 03:51:26 INFO     Epoch [2], Step [2200], Loss: 0.0056
2024-10-05 03:51:30 INFO     Epoch [2], Step [2300], Loss: 0.0394
2024-10-05 03:51:33 INFO     Epoch [2], Step [2400], Loss: 0.0521
2024-10-05 03:51:37 INFO     Epoch [2], Step [2500], Loss: 0.0254
2024-10-05 03:51:40 INFO     Epoch [2], Step [2600], Loss: 0.0018
2024-10-05 03:51:44 INFO     Epoch [2], Step [2700], Loss: 0.0013
2024-10-05 03:51:47 INFO     Epoch [2], Step [2800], Loss: 0.0005
2024-10-05 03:51:51 INFO     Epoch [2], Step [2900], Loss: 0.0062
2024-10-05 03:51:54 INFO     Epoch [2], Step [3000], Loss: 0.0077
2024-10-05 03:51:58 INFO     Epoch [2], Step [3100], Loss: 0.0160
2024-10-05 03:52:01 INFO     Epoch [2], Step [3200], Loss: 0.0002
2024-10-05 03:52:05 INFO     Epoch [3], Step [100], Loss: 0.0002
2024-10-05 03:52:08 INFO     Epoch [3], Step [200], Loss: 0.0001
2024-10-05 03:52:12 INFO     Epoch [3], Step [300], Loss: 0.0002
2024-10-05 03:52:15 INFO     Epoch [3], Step [400], Loss: 0.0001
2024-10-05 03:52:19 INFO     Epoch [3], Step [500], Loss: 0.0001
2024-10-05 03:52:22 INFO     Epoch [3], Step [600], Loss: 0.0000
2024-10-05 03:52:26 INFO     Epoch [3], Step [700], Loss: 0.0001
2024-10-05 03:52:29 INFO     Epoch [3], Step [800], Loss: 0.0001
2024-10-05 03:52:33 INFO     Epoch [3], Step [900], Loss: 0.0000
2024-10-05 03:52:36 INFO     Epoch [3], Step [1000], Loss: 0.0001
2024-10-05 03:52:40 INFO     Epoch [3], Step [1100], Loss: 0.0003
2024-10-05 03:52:43 INFO     Epoch [3], Step [1200], Loss: 0.0003
2024-10-05 03:52:47 INFO     Epoch [3], Step [1300], Loss: 0.0137
2024-10-05 03:52:50 INFO     Epoch [3], Step [1400], Loss: 0.0262
2024-10-05 03:52:54 INFO     Epoch [3], Step [1500], Loss: 0.0011
2024-10-05 03:52:57 INFO     Epoch [3], Step [1600], Loss: 0.0158
2024-10-05 03:53:01 INFO     Epoch [3], Step [1700], Loss: 0.0408
2024-10-05 03:53:04 INFO     Epoch [3], Step [1800], Loss: 0.0049
2024-10-05 03:53:08 INFO     Epoch [3], Step [1900], Loss: 0.0134
2024-10-05 03:53:11 INFO     Epoch [3], Step [2000], Loss: 0.0013
2024-10-05 03:53:15 INFO     Epoch [3], Step [2100], Loss: 0.0018
2024-10-05 03:53:18 INFO     Epoch [3], Step [2200], Loss: 0.0001
2024-10-05 03:53:22 INFO     Epoch [3], Step [2300], Loss: 0.0001
2024-10-05 03:53:25 INFO     Epoch [3], Step [2400], Loss: 0.0002
2024-10-05 03:53:29 INFO     Epoch [3], Step [2500], Loss: 0.0002
2024-10-05 03:53:32 INFO     Epoch [3], Step [2600], Loss: 0.0002
2024-10-05 03:53:36 INFO     Epoch [3], Step [2700], Loss: 0.0000
2024-10-05 03:53:39 INFO     Epoch [3], Step [2800], Loss: 0.0000
2024-10-05 03:53:43 INFO     Epoch [3], Step [2900], Loss: 0.0054
2024-10-05 03:53:46 INFO     Epoch [3], Step [3000], Loss: 0.0174
2024-10-05 03:53:50 INFO     Epoch [3], Step [3100], Loss: 0.0062
2024-10-05 03:53:53 INFO     Epoch [3], Step [3200], Loss: 0.0006
2024-10-05 04:04:06 INFO     Validation/Test Loss: 0.0029
2024-10-05 04:04:06 INFO     Validation/Test Accuracy: 99.90%
2024-10-05 04:04:06 INFO     Symbol Error Rate (SER): 0.001016
2024-10-05 04:04:06 INFO     Calculating SER for specific value: -4
2024-10-05 04:04:19 INFO     Number of images in dataset: 128000
2024-10-05 04:05:37 INFO     Epoch [1], Step [100], Loss: 3.4848
2024-10-05 04:06:52 INFO     Epoch [1], Step [200], Loss: 0.7534
2024-10-05 04:08:10 INFO     Epoch [1], Step [300], Loss: 0.1463
2024-10-05 04:09:26 INFO     Epoch [1], Step [400], Loss: 0.0372
2024-10-05 04:10:43 INFO     Epoch [1], Step [500], Loss: 0.0528
2024-10-05 04:11:58 INFO     Epoch [1], Step [600], Loss: 0.0227
2024-10-05 04:13:11 INFO     Epoch [1], Step [700], Loss: 0.0094
2024-10-05 04:14:24 INFO     Epoch [1], Step [800], Loss: 0.0010
2024-10-05 04:15:38 INFO     Epoch [1], Step [900], Loss: 0.0006
2024-10-05 04:16:54 INFO     Epoch [1], Step [1000], Loss: 0.0004
2024-10-05 04:18:10 INFO     Epoch [1], Step [1100], Loss: 0.0003
2024-10-05 04:19:26 INFO     Epoch [1], Step [1200], Loss: 0.0003
2024-10-05 04:20:42 INFO     Epoch [1], Step [1300], Loss: 0.0548
2024-10-05 04:21:58 INFO     Epoch [1], Step [1400], Loss: 0.1931
2024-10-05 04:23:14 INFO     Epoch [1], Step [1500], Loss: 0.0140
2024-10-05 04:24:27 INFO     Epoch [1], Step [1600], Loss: 0.0005
2024-10-05 04:25:41 INFO     Epoch [1], Step [1700], Loss: 0.0011
2024-10-05 04:26:54 INFO     Epoch [1], Step [1800], Loss: 0.0007
2024-10-05 04:28:08 INFO     Epoch [1], Step [1900], Loss: 0.0001
2024-10-05 04:29:25 INFO     Epoch [1], Step [2000], Loss: 0.0001
2024-10-05 04:30:41 INFO     Epoch [1], Step [2100], Loss: 0.0001
2024-10-05 04:31:53 INFO     Epoch [1], Step [2200], Loss: 0.0001
2024-10-05 04:33:08 INFO     Epoch [1], Step [2300], Loss: 0.0001
2024-10-05 04:34:20 INFO     Epoch [1], Step [2400], Loss: 0.0001
2024-10-05 04:35:31 INFO     Epoch [1], Step [2500], Loss: 0.0001
2024-10-05 04:36:43 INFO     Epoch [1], Step [2600], Loss: 0.0001
2024-10-05 04:37:54 INFO     Epoch [1], Step [2700], Loss: 0.0000
2024-10-05 04:39:03 INFO     Epoch [1], Step [2800], Loss: 0.0000
2024-10-05 04:40:12 INFO     Epoch [1], Step [2900], Loss: 0.1038
2024-10-05 04:41:16 INFO     Epoch [1], Step [3000], Loss: 0.0313
2024-10-05 04:42:23 INFO     Epoch [1], Step [3100], Loss: 0.0001
2024-10-05 04:43:33 INFO     Epoch [1], Step [3200], Loss: 0.0009
2024-10-05 04:43:37 INFO     Epoch [2], Step [100], Loss: 0.0002
2024-10-05 04:43:40 INFO     Epoch [2], Step [200], Loss: 0.0001
2024-10-05 04:43:44 INFO     Epoch [2], Step [300], Loss: 0.0001
2024-10-05 04:43:48 INFO     Epoch [2], Step [400], Loss: 0.0000
2024-10-05 04:43:51 INFO     Epoch [2], Step [500], Loss: 0.0000
2024-10-05 04:43:55 INFO     Epoch [2], Step [600], Loss: 0.0000
2024-10-05 04:43:58 INFO     Epoch [2], Step [700], Loss: 0.0000
2024-10-05 04:44:02 INFO     Epoch [2], Step [800], Loss: 0.0000
2024-10-05 04:44:05 INFO     Epoch [2], Step [900], Loss: 0.0000
2024-10-05 04:44:09 INFO     Epoch [2], Step [1000], Loss: 0.0000
2024-10-05 04:44:12 INFO     Epoch [2], Step [1100], Loss: 0.0000
2024-10-05 04:44:16 INFO     Epoch [2], Step [1200], Loss: 0.0000
2024-10-05 04:44:19 INFO     Epoch [2], Step [1300], Loss: 0.0001
2024-10-05 04:44:23 INFO     Epoch [2], Step [1400], Loss: 0.0000
2024-10-05 04:44:26 INFO     Epoch [2], Step [1500], Loss: 0.0000
2024-10-05 04:44:30 INFO     Epoch [2], Step [1600], Loss: 0.0000
2024-10-05 04:44:33 INFO     Epoch [2], Step [1700], Loss: 0.0000
2024-10-05 04:44:37 INFO     Epoch [2], Step [1800], Loss: 0.0000
2024-10-05 04:44:40 INFO     Epoch [2], Step [1900], Loss: 0.0000
2024-10-05 04:44:44 INFO     Epoch [2], Step [2000], Loss: 0.1853
2024-10-05 04:44:47 INFO     Epoch [2], Step [2100], Loss: 0.0334
2024-10-05 04:44:51 INFO     Epoch [2], Step [2200], Loss: 0.0011
2024-10-05 04:44:54 INFO     Epoch [2], Step [2300], Loss: 0.0001
2024-10-05 04:44:58 INFO     Epoch [2], Step [2400], Loss: 0.0001
2024-10-05 04:45:02 INFO     Epoch [2], Step [2500], Loss: 0.0001
2024-10-05 04:45:05 INFO     Epoch [2], Step [2600], Loss: 0.0000
2024-10-05 04:45:09 INFO     Epoch [2], Step [2700], Loss: 0.0001
2024-10-05 04:45:12 INFO     Epoch [2], Step [2800], Loss: 0.0001
2024-10-05 04:45:16 INFO     Epoch [2], Step [2900], Loss: 0.0000
2024-10-05 04:45:19 INFO     Epoch [2], Step [3000], Loss: 0.0000
2024-10-05 04:45:23 INFO     Epoch [2], Step [3100], Loss: 0.0000
2024-10-05 04:45:26 INFO     Epoch [2], Step [3200], Loss: 0.0000
2024-10-05 04:45:30 INFO     Epoch [3], Step [100], Loss: 0.0000
2024-10-05 04:45:33 INFO     Epoch [3], Step [200], Loss: 0.0000
2024-10-05 04:45:37 INFO     Epoch [3], Step [300], Loss: 0.0000
2024-10-05 04:45:40 INFO     Epoch [3], Step [400], Loss: 0.0000
2024-10-05 04:45:44 INFO     Epoch [3], Step [500], Loss: 0.0000
2024-10-05 04:45:47 INFO     Epoch [3], Step [600], Loss: 0.0000
2024-10-05 04:45:51 INFO     Epoch [3], Step [700], Loss: 0.0000
2024-10-05 04:45:54 INFO     Epoch [3], Step [800], Loss: 0.0000
2024-10-05 04:45:58 INFO     Epoch [3], Step [900], Loss: 0.0000
2024-10-05 04:46:01 INFO     Epoch [3], Step [1000], Loss: 0.0000
2024-10-05 04:46:05 INFO     Epoch [3], Step [1100], Loss: 0.0000
2024-10-05 04:46:08 INFO     Epoch [3], Step [1200], Loss: 0.0000
2024-10-05 04:46:12 INFO     Epoch [3], Step [1300], Loss: 0.0437
2024-10-05 04:46:15 INFO     Epoch [3], Step [1400], Loss: 0.0548
2024-10-05 04:46:19 INFO     Epoch [3], Step [1500], Loss: 0.0006
2024-10-05 04:46:23 INFO     Epoch [3], Step [1600], Loss: 0.0002
2024-10-05 04:46:26 INFO     Epoch [3], Step [1700], Loss: 0.0004
2024-10-05 04:46:30 INFO     Epoch [3], Step [1800], Loss: 0.0000
2024-10-05 04:46:33 INFO     Epoch [3], Step [1900], Loss: 0.0002
2024-10-05 04:46:37 INFO     Epoch [3], Step [2000], Loss: 0.0014
2024-10-05 04:46:40 INFO     Epoch [3], Step [2100], Loss: 0.0053
2024-10-05 04:46:44 INFO     Epoch [3], Step [2200], Loss: 0.1163
2024-10-05 04:46:47 INFO     Epoch [3], Step [2300], Loss: 0.0003
2024-10-05 04:46:51 INFO     Epoch [3], Step [2400], Loss: 0.0001
2024-10-05 04:46:54 INFO     Epoch [3], Step [2500], Loss: 0.0000
2024-10-05 04:46:58 INFO     Epoch [3], Step [2600], Loss: 0.0000
2024-10-05 04:47:01 INFO     Epoch [3], Step [2700], Loss: 0.0033
2024-10-05 04:47:05 INFO     Epoch [3], Step [2800], Loss: 0.0001
2024-10-05 04:47:08 INFO     Epoch [3], Step [2900], Loss: 0.0001
2024-10-05 04:47:12 INFO     Epoch [3], Step [3000], Loss: 0.0000
2024-10-05 04:47:15 INFO     Epoch [3], Step [3100], Loss: 0.0028
2024-10-05 04:47:19 INFO     Epoch [3], Step [3200], Loss: 0.0005
2024-10-05 04:56:32 INFO     Validation/Test Loss: 0.0006
2024-10-05 04:56:32 INFO     Validation/Test Accuracy: 99.98%
2024-10-05 04:56:32 INFO     Symbol Error Rate (SER): 0.000156
2024-10-05 04:56:32 INFO     All SER values have been calculated.
